<?xml version="1.0" encoding="UTF-8"?>
<testng-results ignored="0" total="1" passed="1" failed="0" skipped="0">
  <reporter-output>
  </reporter-output>
  <suite started-at="2023-11-12T22:56:22 IST" name="Default suite" finished-at="2023-11-12T22:57:20 IST" duration-ms="57604">
    <groups>
    </groups>
    <test started-at="2023-11-12T22:56:22 IST" name="Default test" finished-at="2023-11-12T22:57:20 IST" duration-ms="57604">
      <class name="ottoTestPkg.OttoTest">
        <test-method is-config="true" signature="setUp()[pri:0, instance:ottoTestPkg.OttoTest@692f203f]" started-at="2023-11-12T22:56:23 IST" name="setUp" finished-at="2023-11-12T22:56:43 IST" duration-ms="20473" status="PASS">
          <reporter-output>
          </reporter-output>
        </test-method> <!-- setUp -->
        <test-method signature="test()[pri:0, instance:ottoTestPkg.OttoTest@692f203f]" started-at="2023-11-12T22:56:43 IST" name="test" finished-at="2023-11-12T22:57:20 IST" duration-ms="37044" status="PASS">
          <reporter-output>
          </reporter-output>
        </test-method> <!-- test -->
      </class> <!-- ottoTestPkg.OttoTest -->
    </test> <!-- Default test -->
  </suite> <!-- Default suite -->
</testng-results>
